C51 COMPILER V9.60.0.0   WATER_LEVEL_CONTROLLER                                            04/30/2020 17:12:58 PAGE 1   


C51 COMPILER V9.60.0.0, COMPILATION OF MODULE WATER_LEVEL_CONTROLLER
OBJECT MODULE PLACED IN .\Objects\hex\Water level controller.obj
COMPILER INVOKED BY: C:\Keil_v5\C51\BIN\C51.EXE Water level controller.c OPTIMIZE(8,SPEED) BROWSE DEBUG OBJECTEXTEND PRI
                    -NT(.\Listings\Water level controller.lst) TABS(2) OBJECT(.\Objects\hex\Water level controller.obj)

line level    source

   1          // Program to make a water level indicator and controller
   2          
   3          #include<reg51.h>
   4          
   5          sbit AA=P3^0;
   6          sbit BB=P3^1;
   7          sbit CC=P3^2;
   8          sbit DD=P3^3;
   9          
  10          
  11          sbit rs=P1^0;
  12          sbit rw=P1^1;
  13          sbit  e=P1^2;
  14          
  15          
  16          sbit MOTOR=P3^4;
  17          
  18          
  19          
  20          
  21          void delay(int X)
  22          {
  23   1      int i,j;
  24   1      for(i=0;i<X;i++)
  25   1        for(j=0;j<1000;j++);
  26   1      }
  27          
  28          void write(int j)
  29          {
  30   1      rs=1;
  31   1      rw=0;
  32   1      P2=j;
  33   1      e=1;
  34   1      delay(10);
  35   1      e=0;
  36   1      return;
  37   1      }
  38          
  39          void cmd(int j)
  40          {
  41   1      P2=j;
  42   1      rs=0;
  43   1      rw=0;
  44   1      e=1;
  45   1      delay(10);
  46   1      e=0;
  47   1      return;
  48   1      }
  49          
  50          void puts(char *a)
  51          {
  52   1      unsigned int p=0;
  53   1      for(;a[p]!=0;p++)
  54   1      write(a[p]);
C51 COMPILER V9.60.0.0   WATER_LEVEL_CONTROLLER                                            04/30/2020 17:12:58 PAGE 2   

  55   1      }
  56          
  57          void lcd_init(void)
  58          {
  59   1      cmd(0x38);
  60   1      delay(10);
  61   1      cmd(0x0c);
  62   1      delay(10);
  63   1      cmd(0x01);
  64   1      cmd(0x06);
  65   1      cmd(0x80);
  66   1      }
  67          
  68          void main()
  69          {
  70   1      AA=BB=CC=DD=0;
  71   1      
  72   1      
  73   1      while(1)
  74   1      {
  75   2        while(AA==0&&BB==0&&CC==0&&DD==0)
  76   2        {
  77   3         lcd_init();
  78   3         puts("  TANK EMPTY ");
  79   3         lcd_init();
  80   3         puts("  MOTOR  ON");
  81   3         MOTOR=1;
  82   3      
  83   3      
  84   3        }
  85   2        while(AA==1&&BB==0&&CC==0&&DD==0)
  86   2        {
  87   3         lcd_init();
  88   3         puts("WATER QUARTER");
  89   3      
  90   3        }
  91   2       while(AA==1&&BB==1&&CC==0&&DD==0)
  92   2        {
  93   3         lcd_init();
  94   3         puts("WATER HALF");
  95   3        }
  96   2       while(AA==1&&BB==1&&CC==1&&DD==0)
  97   2        {
  98   3         lcd_init();
  99   3         puts("WATER 3/4 FULL");
 100   3        }
 101   2      
 102   2      
 103   2          while(AA==1&&BB==1&&CC==1&&DD==1)
 104   2        {
 105   3         lcd_init();
 106   3         puts("   TANK  FULL  ");
 107   3         lcd_init();
 108   3         puts("   MOTOR  OFF  ");
 109   3         MOTOR=0;
 110   3      
 111   3        }
 112   2      
 113   2      
 114   2      
 115   2      
 116   2      
C51 COMPILER V9.60.0.0   WATER_LEVEL_CONTROLLER                                            04/30/2020 17:12:58 PAGE 3   

 117   2       }
 118   1      }
 119          


MODULE INFORMATION:   STATIC OVERLAYABLE
   CODE SIZE        =    321    ----
   CONSTANT SIZE    =     98    ----
   XDATA SIZE       =   ----    ----
   PDATA SIZE       =   ----    ----
   DATA SIZE        =   ----       5
   IDATA SIZE       =   ----    ----
   BIT SIZE         =   ----    ----
END OF MODULE INFORMATION.


C51 COMPILATION COMPLETE.  0 WARNING(S),  0 ERROR(S)